<?xml version="1.0" encoding="UTF-8"?>
<!-- Generated by org.testng.reporters.JUnitXMLReporter -->
<testsuite hostname="DESKTOP-MUEUS88" name="Test" tests="3" failures="0" timestamp="25 Oct 2022 18:57:04 GMT" time="0.031" errors="0">
  <testcase name="logintoBranchforPersonalLoan" time="0.012" classname="MavenProject.FirstScript.PersonalLoan"/>
  <testcase name="logintoBranchforCarLoan" time="0.002" classname="MavenProject.FirstScript.CarLoan"/>
  <testcase name="logintoBranchforHomeLoan" time="0.002" classname="MavenProject.FirstScript.Homeloan"/>
</testsuite> <!-- Test -->
